0 info it worked if it ends with ok
1 verbose cli [ 'C:\\Program Files\\nodejs\\node.exe',
1 verbose cli   'C:\\Program Files\\nodejs\\node_modules\\npm\\bin\\npm-cli.js',
1 verbose cli   'run',
1 verbose cli   'build',
1 verbose cli   '--scripts-prepend-node-path=auto' ]
2 info using npm@4.0.5
3 info using node@v7.4.0
4 verbose run-script [ 'prebuild', 'build', 'postbuild' ]
5 info lifecycle JSTask6@1.0.0~prebuild: JSTask6@1.0.0
6 silly lifecycle JSTask6@1.0.0~prebuild: no script for prebuild, continuing
7 info lifecycle JSTask6@1.0.0~build: JSTask6@1.0.0
8 verbose lifecycle JSTask6@1.0.0~build: unsafe-perm in lifecycle true
9 verbose lifecycle JSTask6@1.0.0~build: PATH: C:\Program Files\nodejs\node_modules\npm\bin\node-gyp-bin;C:\OSPanel\domains\JSTask6\node_modules\.bin;C:\Program Files (x86)\Common Files\Oracle\Java\javapath;C:\Windows\system32;C:\Windows;C:\Windows\System32\Wbem;C:\Windows\System32\WindowsPowerShell\v1.0\;C:\Windows\System32\OpenSSH\;C:\Program Files (x86)\NVIDIA Corporation\PhysX\Common;C:\Program Files\Git\cmd;C:\Program Files\nodejs\;C:\Users\vovan\AppData\Local\Microsoft\WindowsApps;C:\Users\vovan\AppData\Roaming\npm
10 verbose lifecycle JSTask6@1.0.0~build: CWD: C:\OSPanel\domains\JSTask6
11 silly lifecycle JSTask6@1.0.0~build: Args: [ '/d /s /c', 'webpack --config webpack.config.js' ]
12 silly lifecycle JSTask6@1.0.0~build: Returned: code: 1  signal: null
13 info lifecycle JSTask6@1.0.0~build: Failed to exec build script
14 verbose stack Error: JSTask6@1.0.0 build: `webpack --config webpack.config.js`
14 verbose stack Exit status 1
14 verbose stack     at EventEmitter.<anonymous> (C:\Program Files\nodejs\node_modules\npm\lib\utils\lifecycle.js:279:16)
14 verbose stack     at emitTwo (events.js:106:13)
14 verbose stack     at EventEmitter.emit (events.js:191:7)
14 verbose stack     at ChildProcess.<anonymous> (C:\Program Files\nodejs\node_modules\npm\lib\utils\spawn.js:40:14)
14 verbose stack     at emitTwo (events.js:106:13)
14 verbose stack     at ChildProcess.emit (events.js:191:7)
14 verbose stack     at maybeClose (internal/child_process.js:885:16)
14 verbose stack     at Process.ChildProcess._handle.onexit (internal/child_process.js:226:5)
15 verbose pkgid JSTask6@1.0.0
16 verbose cwd C:\OSPanel\domains\JSTask6
17 error Windows_NT 10.0.17763
18 error argv "C:\\Program Files\\nodejs\\node.exe" "C:\\Program Files\\nodejs\\node_modules\\npm\\bin\\npm-cli.js" "run" "build" "--scripts-prepend-node-path=auto"
19 error node v7.4.0
20 error npm  v4.0.5
21 error code ELIFECYCLE
22 error JSTask6@1.0.0 build: `webpack --config webpack.config.js`
22 error Exit status 1
23 error Failed at the JSTask6@1.0.0 build script 'webpack --config webpack.config.js'.
23 error Make sure you have the latest version of node.js and npm installed.
23 error If you do, this is most likely a problem with the JSTask6 package,
23 error not with npm itself.
23 error Tell the author that this fails on your system:
23 error     webpack --config webpack.config.js
23 error You can get information on how to open an issue for this project with:
23 error     npm bugs JSTask6
23 error Or if that isn't available, you can get their info via:
23 error     npm owner ls JSTask6
23 error There is likely additional logging output above.
24 verbose exit [ 1, true ]
